2023-12-28 10:59:22,381 - INFO - User logged out successfully
2023-12-28 10:59:40,647 - INFO - User logged in successfully: Ashish
2023-12-28 11:17:05,686 - INFO - User logged in successfully: Ashish
2023-12-28 11:23:14,934 - INFO - User logged in successfully: Ashish2
2023-12-28 11:33:31,358 - INFO - User logged out successfully
2024-01-15 12:04:19,187 - INFO - User logged in successfully: Ashish2
2024-01-18 14:23:29,600 - INFO - User logged in successfully: Ashish2
2024-01-18 17:00:24,435 - INFO - User logged in successfully: Ashish2
2024-01-18 17:01:42,947 - INFO - User logged out successfully
2024-01-19 11:20:18,028 - INFO - User logged in successfully: Ashish2
2024-01-20 10:52:17,673 - INFO - User logged in successfully: Ashish2
2024-01-25 16:31:45,097 - INFO - User logged in successfully: Ashish2
2024-01-29 11:48:22,396 - INFO - User registered successfully: ars
2024-01-29 11:58:08,117 - INFO - User registered successfully: ars1
2024-01-29 14:55:30,659 - INFO - User logged in successfully: ars
2024-01-29 14:55:39,275 - INFO - User logged in successfully: ars1
2024-01-29 15:04:26,320 - INFO - User logged in successfully: ars
2024-01-29 15:06:14,566 - ERROR - Error during user login: 401 Unauthorized: The server could not verify that you are authorized to access the URL requested. You either supplied the wrong credentials (e.g. a bad password), or your browser doesn't understand how to supply the credentials required.
2024-01-29 15:06:28,905 - INFO - User logged in successfully: ars
2024-01-29 15:12:36,168 - INFO - User logged in successfully: Ashish2
2024-01-29 15:14:25,829 - ERROR - Error during user login: 401 Unauthorized: The server could not verify that you are authorized to access the URL requested. You either supplied the wrong credentials (e.g. a bad password), or your browser doesn't understand how to supply the credentials required.
2024-01-29 15:14:32,588 - INFO - User logged in successfully: ars1
2024-01-29 15:24:23,455 - INFO - User logged in successfully: Ashish2
2024-01-29 15:25:07,218 - INFO - User logged in successfully: ars
2024-01-29 15:25:56,593 - INFO - User logged in successfully: ars
2024-01-30 15:16:48,299 - INFO - User logged in successfully: ars
2024-01-30 18:02:39,793 - INFO - User logged in successfully: ars1
2024-02-01 10:24:05,303 - INFO - User logged in successfully: ars
2024-02-01 10:25:25,391 - INFO - User logged in successfully: ars
2024-02-01 10:25:27,529 - ERROR - Error during user logout: You must call `@jwt_required()` or `verify_jwt_in_request()` before using this method
2024-02-01 10:25:28,853 - ERROR - Error during user logout: You must call `@jwt_required()` or `verify_jwt_in_request()` before using this method
2024-02-01 10:36:44,262 - INFO - User logged in successfully: ars1
2024-02-01 10:36:46,190 - INFO - User logged out successfully
2024-02-01 17:01:50,913 - INFO - User logged in successfully: ars1
2024-02-02 10:25:37,589 - INFO - User logged in successfully: ars1
2024-02-02 10:47:33,448 - INFO - User logged in successfully: ars1
2024-02-02 10:47:54,147 - INFO - User logged in successfully: ars1
2024-02-02 10:49:56,348 - INFO - User logged in successfully: Ashish2
2024-02-02 16:27:47,433 - INFO - User logged in successfully: ars1
2024-02-02 16:52:18,878 - INFO - User logged in successfully: ars1
2024-02-02 17:04:46,610 - ERROR - Error during user login: 401 Unauthorized: The server could not verify that you are authorized to access the URL requested. You either supplied the wrong credentials (e.g. a bad password), or your browser doesn't understand how to supply the credentials required.
2024-02-02 17:04:51,507 - INFO - User logged in successfully: ars
2024-02-03 11:54:56,954 - INFO - User logged in successfully: ars
2024-02-03 15:38:18,403 - INFO - User logged in successfully: ars
2024-02-04 07:40:52,397 - INFO - User logged in successfully: ars
2024-02-04 07:51:04,453 - INFO - User logged in successfully: ars1
2024-02-05 11:19:43,547 - INFO - User logged in successfully: ars
2024-02-05 16:29:02,165 - INFO - User logged in successfully: ars
2024-02-06 10:21:54,697 - INFO - User logged in successfully: ars1
2024-02-06 10:21:54,697 - ERROR - Error during user login: Could not build url for endpoint 'store.Store_page'. Did you mean 'Stores.Store_page' instead?
2024-02-06 10:22:17,779 - INFO - User logged in successfully: ars
2024-02-06 10:22:17,784 - ERROR - Error during user login: Could not build url for endpoint 'store.Store_page'. Did you mean 'Stores.Store_page' instead?
2024-02-06 10:22:18,747 - INFO - User logged in successfully: ars
2024-02-06 10:22:18,747 - ERROR - Error during user login: Could not build url for endpoint 'store.Store_page'. Did you mean 'Stores.Store_page' instead?
2024-02-06 10:23:03,561 - INFO - User logged in successfully: ars1
2024-02-06 10:23:08,491 - INFO - User logged out successfully
2024-02-06 10:37:17,897 - INFO - User logged in successfully: ars
2024-02-06 10:37:19,802 - INFO - User logged out successfully
2024-02-06 10:37:19,802 - ERROR - Error during user logout: The session is unavailable because no secret key was set.  Set the secret_key on the application to something unique and secret.
2024-02-06 10:44:01,564 - INFO - User logged in successfully: ars
2024-02-06 10:44:01,564 - ERROR - Error during user login: Could not build url for endpoint 'stores'. Did you mean 'Stores.Store' instead?
2024-02-06 10:44:03,728 - INFO - User logged in successfully: ars
2024-02-06 10:44:03,728 - ERROR - Error during user login: Could not build url for endpoint 'stores'. Did you mean 'Stores.Store' instead?
2024-02-06 11:51:21,131 - INFO - User logged in successfully: ars
2024-02-06 11:51:21,131 - ERROR - Error during user login: Could not build url for endpoint 'Stores.Store'. Did you forget to specify values ['store_id']?
2024-02-06 11:52:01,976 - INFO - User logged in successfully: ars
2024-02-06 11:52:03,076 - INFO - User logged in successfully: ars
2024-02-06 11:52:03,727 - INFO - User logged in successfully: ars
2024-02-06 11:52:29,595 - INFO - User logged in successfully: ars
2024-02-06 11:52:38,801 - INFO - User logged in successfully: ars1
2024-02-07 10:21:01,962 - INFO - User logged in successfully: ars
2024-02-07 10:22:21,358 - INFO - User logged in successfully: ars
2024-02-07 10:26:54,190 - ERROR - Error during user login: 401 Unauthorized: The server could not verify that you are authorized to access the URL requested. You either supplied the wrong credentials (e.g. a bad password), or your browser doesn't understand how to supply the credentials required.
2024-02-07 10:27:05,204 - INFO - User logged in successfully: ars
2024-02-08 10:16:54,151 - INFO - User logged in successfully: ars
2024-02-08 10:17:00,901 - INFO - User logged out successfully
2024-02-08 10:18:20,189 - INFO - User logged in successfully: ars
2024-02-08 10:21:23,072 - INFO - User logged in successfully: ars
2024-02-08 10:25:29,170 - INFO - User logged in successfully: Ashish2
2024-02-08 10:27:53,824 - INFO - User logged out successfully
2024-02-08 12:07:46,690 - INFO - User logged in successfully: ars
2024-02-08 12:07:50,219 - INFO - User logged out successfully
2024-02-08 14:32:59,222 - INFO - User logged in successfully: ars
2024-02-08 14:33:43,639 - INFO - User logged out successfully
2024-02-08 14:34:36,403 - INFO - User logged in successfully: ars
2024-02-08 14:34:47,118 - INFO - User logged out successfully
2024-02-08 15:25:04,555 - INFO - User logged in successfully: ars
2024-02-08 15:25:54,345 - INFO - User logged out successfully
2024-02-08 15:26:08,983 - INFO - User logged in successfully: ars
2024-02-08 15:26:13,666 - INFO - User logged out successfully
2024-02-09 10:36:50,407 - INFO - User logged in successfully: ars
2024-02-09 10:44:41,017 - INFO - User registered successfully: ashish23
2024-02-09 10:48:36,799 - INFO - User logged in successfully: ashish23
2024-02-09 10:49:02,552 - INFO - User logged in successfully: ars
2024-02-09 11:13:57,305 - INFO - User logged in successfully: ars
2024-02-09 12:55:27,770 - ERROR - Error during user login: 401 Unauthorized: The server could not verify that you are authorized to access the URL requested. You either supplied the wrong credentials (e.g. a bad password), or your browser doesn't understand how to supply the credentials required.
2024-02-09 12:55:35,268 - INFO - User logged in successfully: ars
2024-02-09 14:18:50,625 - INFO - User logged in successfully: ars
2024-02-09 14:23:08,234 - INFO - User logged in successfully: ars
2024-02-10 10:47:41,318 - INFO - User logged in successfully: ars
2024-02-10 10:50:42,880 - INFO - User logged in successfully: ars
2024-02-10 10:51:41,324 - INFO - User logged in successfully: ars
2024-02-10 10:52:36,251 - INFO - User logged in successfully: ars
2024-02-10 12:30:34,707 - INFO - User logged in successfully: ars
2024-02-10 15:20:26,505 - INFO - User logged in successfully: Ashish2
2024-02-12 10:20:17,478 - INFO - User logged in successfully: ars
2024-02-12 10:41:27,782 - ERROR - Error during user login: 401 Unauthorized: The server could not verify that you are authorized to access the URL requested. You either supplied the wrong credentials (e.g. a bad password), or your browser doesn't understand how to supply the credentials required.
2024-02-12 10:41:43,086 - INFO - User logged in successfully: ars
2024-02-12 10:41:50,521 - INFO - User logged in successfully: ars
2024-02-12 10:43:33,363 - ERROR - Error during user login: 401 Unauthorized: The server could not verify that you are authorized to access the URL requested. You either supplied the wrong credentials (e.g. a bad password), or your browser doesn't understand how to supply the credentials required.
2024-02-12 10:43:49,449 - INFO - User logged in successfully: ars
2024-02-12 11:16:54,161 - INFO - User logged in successfully: ars
2024-02-12 11:24:34,878 - INFO - User logged in successfully: ars
2024-02-12 11:31:32,560 - INFO - User logged in successfully: ars
2024-02-12 11:32:27,603 - INFO - User logged in successfully: ars
2024-02-12 14:40:00,868 - INFO - User logged in successfully: ars
2024-02-12 14:48:39,824 - INFO - User logged in successfully: ars
2024-02-12 14:59:55,430 - INFO - User logged in successfully: Ashish2
2024-02-13 10:16:38,406 - INFO - User logged in successfully: ars
2024-02-13 10:18:40,004 - INFO - User logged in successfully: ars
2024-02-13 10:24:02,789 - INFO - User logged in successfully: ars
2024-02-13 11:09:22,116 - ERROR - Error during user login: 401 Unauthorized: The server could not verify that you are authorized to access the URL requested. You either supplied the wrong credentials (e.g. a bad password), or your browser doesn't understand how to supply the credentials required.
2024-02-13 11:09:32,038 - INFO - User logged in successfully: ars
2024-02-13 11:15:12,910 - ERROR - Error during user login: 401 Unauthorized: The server could not verify that you are authorized to access the URL requested. You either supplied the wrong credentials (e.g. a bad password), or your browser doesn't understand how to supply the credentials required.
2024-02-13 11:15:29,885 - INFO - User logged in successfully: Ashish2
2024-02-13 12:19:47,468 - INFO - User logged in successfully: Ashish2
2024-02-13 12:43:00,416 - INFO - User logged in successfully: Ashish2
2024-02-13 12:43:30,504 - INFO - User logged out successfully
2024-02-13 15:13:09,670 - INFO - User logged in successfully: ars
2024-02-13 15:15:08,053 - INFO - User logged out successfully
2024-02-13 15:18:20,972 - INFO - User registered successfully: ars20
2024-02-13 15:25:56,071 - INFO - User registered successfully: ars12
2024-02-13 15:26:29,331 - INFO - User logged in successfully: ars
2024-02-13 15:51:58,303 - INFO - User logged in successfully: ars
2024-02-14 10:21:49,424 - ERROR - Error during user login: 401 Unauthorized: The server could not verify that you are authorized to access the URL requested. You either supplied the wrong credentials (e.g. a bad password), or your browser doesn't understand how to supply the credentials required.
2024-02-14 10:21:59,148 - ERROR - Error during user login: 401 Unauthorized: The server could not verify that you are authorized to access the URL requested. You either supplied the wrong credentials (e.g. a bad password), or your browser doesn't understand how to supply the credentials required.
2024-02-14 10:22:53,709 - ERROR - Error during user login: 401 Unauthorized: The server could not verify that you are authorized to access the URL requested. You either supplied the wrong credentials (e.g. a bad password), or your browser doesn't understand how to supply the credentials required.
2024-02-14 10:50:34,730 - INFO - User logged in successfully: ars
2024-02-14 11:21:07,826 - INFO - User logged in successfully: ars
2024-02-14 11:21:45,848 - ERROR - Error during user login: 401 Unauthorized: The server could not verify that you are authorized to access the URL requested. You either supplied the wrong credentials (e.g. a bad password), or your browser doesn't understand how to supply the credentials required.
2024-02-14 11:21:47,843 - ERROR - Error during user login: 401 Unauthorized: The server could not verify that you are authorized to access the URL requested. You either supplied the wrong credentials (e.g. a bad password), or your browser doesn't understand how to supply the credentials required.
2024-02-14 11:26:10,783 - INFO - User logged in successfully: Ashish2
2024-02-14 14:57:03,458 - INFO - User logged in successfully: ars
2024-02-14 15:02:55,079 - INFO - User logged in successfully: ars
2024-02-14 15:15:53,732 - INFO - User logged in successfully: ars
2024-02-14 15:20:23,307 - INFO - User logged in successfully: ars
2024-02-15 09:21:15,150 - INFO - User logged in successfully: ars
2024-02-15 09:24:21,874 - INFO - User logged in successfully: ars
2024-02-15 09:28:09,451 - INFO - User logged in successfully: ars
2024-02-15 10:53:19,426 - INFO - User logged in successfully: ars
2024-02-15 11:11:47,029 - INFO - User logged in successfully: ars
2024-02-15 11:12:57,338 - INFO - User logged in successfully: ars
2024-02-15 11:47:52,417 - INFO - User logged in successfully: ars
2024-02-15 11:48:26,482 - INFO - User logged in successfully: ars
2024-02-15 12:07:23,818 - INFO - User logged in successfully: Ashish2
2024-02-15 12:08:52,968 - INFO - User logged in successfully: ars
2024-02-15 12:16:37,526 - INFO - User logged in successfully: ars
2024-02-16 09:56:50,140 - INFO - User logged in successfully: ars
2024-02-16 11:17:51,611 - INFO - User logged in successfully: ars
2024-02-16 12:46:25,320 - INFO - User logged in successfully: ars
2024-02-16 14:49:24,316 - INFO - User logged in successfully: ars
2024-02-16 15:05:56,951 - INFO - User logged in successfully: ars
2024-02-17 14:19:25,974 - INFO - User logged in successfully: ars
2024-02-17 14:25:37,989 - INFO - User logged in successfully: ars
2024-02-17 14:33:28,641 - INFO - User logged in successfully: ars
2024-02-19 10:04:56,565 - INFO - User logged in successfully: ars
2024-02-19 10:14:42,895 - INFO - User logged in successfully: ars
2024-02-19 10:16:23,255 - INFO - User logged in successfully: ars
2024-02-19 10:18:47,394 - INFO - User logged in successfully: ars
2024-02-19 10:21:22,933 - INFO - User logged in successfully: ars
2024-02-19 10:52:44,293 - INFO - User logged in successfully: ars
2024-02-19 11:41:42,628 - INFO - User logged in successfully: ars
2024-02-19 11:46:01,303 - INFO - User logged in successfully: ars
2024-02-19 11:48:19,268 - INFO - User logged in successfully: ars
2024-02-19 12:12:06,922 - INFO - User logged in successfully: ars
2024-02-19 12:28:00,753 - INFO - User logged in successfully: ars
2024-02-19 12:36:18,451 - INFO - User logged in successfully: ars
2024-02-19 12:36:18,451 - ERROR - Error during user login: Could not build url for endpoint 'store.Stores_page'. Did you mean 'Items.Items_page' instead?
2024-02-19 12:36:20,350 - INFO - User logged in successfully: ars
2024-02-19 12:36:20,350 - ERROR - Error during user login: Could not build url for endpoint 'store.Stores_page'. Did you mean 'Items.Items_page' instead?
2024-02-19 12:37:07,876 - INFO - User logged in successfully: ars
2024-02-19 12:37:07,989 - INFO - User logged in successfully: ars
2024-02-19 12:37:55,449 - INFO - User logged in successfully: ars
2024-02-19 14:35:40,279 - INFO - User logged in successfully: ars
2024-02-19 14:36:50,373 - INFO - User logged in successfully: ars
2024-02-19 14:40:15,731 - INFO - User logged in successfully: ars
2024-02-19 17:32:09,962 - INFO - User logged in successfully: ars
2024-02-19 17:33:55,431 - INFO - User logged in successfully: ars
2024-02-19 17:35:45,580 - INFO - User logged in successfully: ars
2024-02-19 17:35:47,053 - INFO - User logged out successfully
2024-02-19 17:37:59,426 - INFO - User logged in successfully: ars
2024-02-20 10:01:03,876 - INFO - User logged in successfully: ars
2024-02-20 10:04:13,076 - INFO - User logged in successfully: ars
2024-02-20 10:04:17,854 - INFO - User logged out successfully
2024-02-20 10:04:27,340 - INFO - User logged in successfully: ars
2024-02-20 10:04:29,847 - INFO - User logged out successfully
2024-02-20 10:04:41,619 - INFO - User logged in successfully: ars
2024-02-20 10:04:54,666 - INFO - User logged in successfully: ars
2024-02-20 10:04:57,207 - INFO - User logged out successfully
2024-02-20 10:07:11,159 - INFO - User logged in successfully: ars
2024-02-20 10:19:54,977 - INFO - User logged in successfully: ars
2024-02-20 10:20:03,559 - INFO - User logged out successfully
2024-02-20 10:43:18,040 - INFO - User logged in successfully: ars
2024-02-20 10:51:50,148 - INFO - User logged in successfully: ars
2024-02-20 10:53:23,519 - INFO - User logged in successfully: ars
2024-02-20 10:53:59,048 - INFO - User logged out successfully
2024-02-20 10:54:11,939 - INFO - User logged out successfully
2024-02-20 10:56:19,547 - INFO - User logged in successfully: ars
2024-02-20 10:56:54,627 - INFO - User logged in successfully: ars
2024-02-20 10:56:56,730 - INFO - User logged out successfully
2024-02-20 11:37:31,527 - INFO - User logged in successfully: ars
2024-02-20 11:48:13,407 - INFO - User logged in successfully: ars
2024-02-20 11:50:31,806 - INFO - User logged out successfully
2024-02-20 11:51:00,469 - INFO - User logged in successfully: ars
2024-02-20 11:51:22,347 - INFO - User logged out successfully
2024-02-20 11:55:50,523 - INFO - User registered successfully: Ashish23
2024-02-20 12:00:10,352 - INFO - User logged out successfully
2024-02-20 12:03:11,826 - INFO - User logged in successfully: ars
2024-02-20 12:03:18,875 - INFO - User logged out successfully
2024-02-20 12:11:28,521 - INFO - User logged in successfully: ars
2024-02-20 12:12:19,559 - INFO - User logged out successfully
2024-02-20 12:13:31,479 - INFO - User logged in successfully: Ashish23
2024-02-20 12:13:35,469 - INFO - User logged out successfully
2024-02-20 12:17:50,987 - INFO - User logged in successfully: ars
2024-02-20 12:20:54,425 - INFO - User logged out successfully
2024-02-20 14:14:44,596 - INFO - User logged in successfully: Ashish23
2024-02-20 14:16:20,496 - INFO - User logged out successfully
2024-02-20 14:18:18,159 - INFO - User logged in successfully: ars
2024-02-20 14:18:29,194 - INFO - User logged out successfully
2024-02-20 14:25:46,396 - INFO - User logged in successfully: Ashish23
2024-02-20 14:27:08,371 - INFO - User logged in successfully: ars
2024-02-20 14:28:57,985 - INFO - User logged in successfully: ars
2024-02-20 15:43:18,200 - INFO - User logged in successfully: ars
2024-02-20 17:29:08,577 - INFO - User logged in successfully: ars
2024-02-21 10:11:01,110 - INFO - User logged in successfully: ars
2024-02-21 10:15:55,963 - INFO - User logged out successfully
2024-02-21 10:16:09,129 - INFO - User logged in successfully: ars
2024-02-21 10:16:09,240 - INFO - User logged out successfully
2024-02-21 10:16:29,988 - INFO - User logged in successfully: Ashish23
2024-02-21 10:16:30,114 - INFO - User logged out successfully
2024-02-21 10:16:57,885 - INFO - User logged in successfully: Ashish23
2024-02-21 10:17:52,246 - INFO - User logged out successfully
2024-02-21 10:18:09,462 - INFO - User logged in successfully: ars
2024-02-21 10:18:19,106 - INFO - User logged out successfully
2024-02-21 10:20:02,389 - INFO - User logged in successfully: ars
2024-02-21 10:20:02,476 - INFO - User logged out successfully
2024-02-21 10:23:11,806 - INFO - User logged out successfully
2024-02-21 10:26:48,139 - INFO - User logged in successfully: ars
2024-02-21 10:50:56,165 - INFO - User logged in successfully: ars
2024-02-21 10:56:05,924 - INFO - User logged in successfully: ars
2024-02-21 11:06:00,331 - INFO - User logged in successfully: ars
2024-02-21 11:22:13,277 - INFO - User logged in successfully: ars
2024-02-21 12:18:26,701 - INFO - User logged in successfully: ars
2024-02-21 12:18:31,486 - INFO - User logged out successfully
2024-02-21 12:29:56,624 - INFO - User logged in successfully: ars
2024-02-21 12:33:34,277 - INFO - User logged out successfully
2024-02-21 17:28:55,890 - INFO - User logged in successfully: ars
2024-02-22 09:45:39,810 - INFO - User logged in successfully: ars
2024-02-22 10:20:31,436 - INFO - User logged in successfully: ars
2024-02-22 10:22:40,553 - INFO - User logged in successfully: ars
2024-02-22 10:22:44,152 - INFO - User logged out successfully
2024-02-22 10:23:17,945 - INFO - User logged in successfully: ars
2024-02-22 10:30:00,233 - INFO - User logged out successfully
2024-02-25 15:48:17,995 - INFO - User logged in successfully: ars
2024-02-26 10:58:10,973 - INFO - User logged in successfully: ars
2024-02-26 11:00:35,864 - INFO - User logged out successfully
2024-02-26 11:00:45,492 - INFO - User logged in successfully: ars
2024-02-26 11:20:55,634 - INFO - User logged in successfully: Ashish23
2024-02-26 11:24:56,454 - INFO - User logged in successfully: ars
2024-02-26 11:25:05,238 - INFO - User logged out successfully
2024-02-26 11:29:43,589 - INFO - User logged in successfully: Ashish23
2024-02-26 11:31:08,503 - INFO - User logged out successfully
2024-02-26 11:55:07,591 - INFO - User logged in successfully: ars
2024-02-26 12:23:06,006 - INFO - User logged in successfully: Ashish23
2024-02-26 12:26:18,733 - INFO - User logged in successfully: ars
2024-02-26 14:14:26,480 - INFO - User logged in successfully: Ashish23
2024-02-26 14:24:33,451 - INFO - User logged in successfully: Ashish23
2024-02-26 14:35:40,149 - INFO - User logged out successfully
2024-02-26 14:53:11,627 - INFO - User logged in successfully: Ashish23
2024-02-26 15:49:41,085 - INFO - User logged in successfully: ars
2024-02-26 15:49:42,689 - INFO - User logged out successfully
2024-02-26 15:49:50,364 - INFO - User logged in successfully: ars
2024-02-26 15:51:24,311 - INFO - User logged out successfully
2024-02-27 10:09:44,190 - INFO - User logged in successfully: Ashish23
2024-02-27 10:10:32,021 - INFO - User logged in successfully: Ashish23
2024-02-27 10:10:57,861 - INFO - User logged out successfully
2024-02-27 10:14:45,020 - INFO - User logged in successfully: ars
2024-02-27 10:15:05,301 - INFO - User logged out successfully
2024-02-27 10:27:02,436 - INFO - User logged in successfully: ars
2024-02-27 10:28:08,949 - INFO - User logged out successfully
2024-02-27 10:37:19,760 - INFO - User logged in successfully: ars
2024-02-27 10:37:28,664 - INFO - User logged out successfully
2024-02-27 10:53:19,360 - INFO - User logged in successfully: Ashish23
2024-02-27 10:54:13,142 - INFO - User logged out successfully
2024-02-27 10:59:57,488 - INFO - User logged in successfully: ars
2024-02-27 11:01:20,154 - INFO - User logged out successfully
2024-02-27 11:02:49,373 - INFO - User logged in successfully: ars
2024-02-27 11:58:33,192 - INFO - User logged in successfully: Ashish23
2024-02-27 12:07:31,618 - INFO - User logged in successfully: ars
2024-02-27 12:28:39,710 - INFO - User logged in successfully: ars
2024-02-27 12:29:15,359 - INFO - User logged out successfully
2024-02-27 14:02:17,057 - INFO - User logged in successfully: ars
2024-02-27 14:13:55,619 - INFO - User logged out successfully
2024-02-27 15:21:19,143 - ERROR - Error during user login: 401 Unauthorized: The server could not verify that you are authorized to access the URL requested. You either supplied the wrong credentials (e.g. a bad password), or your browser doesn't understand how to supply the credentials required.
2024-02-27 15:21:27,098 - INFO - User logged in successfully: ars
2024-02-27 15:22:21,936 - INFO - User logged out successfully
2024-02-27 15:23:02,718 - INFO - User logged in successfully: Ashish23
2024-02-27 15:25:53,981 - INFO - User logged in successfully: ars
2024-02-27 15:29:21,474 - INFO - User logged out successfully
2024-02-27 15:31:39,483 - INFO - User logged in successfully: ars
2024-02-27 15:32:55,159 - INFO - User logged out successfully
2024-02-29 10:33:28,329 - INFO - User logged in successfully: Ashish23
2024-02-29 10:33:44,156 - INFO - User logged out successfully
2024-02-29 10:48:13,455 - INFO - User logged in successfully: Ashish23
2024-02-29 10:48:52,014 - INFO - User logged out successfully
2024-02-29 11:03:48,464 - INFO - User logged in successfully: Ashish23
2024-02-29 11:10:29,244 - INFO - User logged out successfully
2024-02-29 11:10:40,472 - INFO - User logged in successfully: Ashish23
2024-02-29 11:18:17,387 - INFO - User logged out successfully
2024-02-29 11:23:21,922 - INFO - User logged in successfully: Ashish23
2024-02-29 11:24:52,585 - INFO - User logged out successfully
2024-02-29 11:48:04,347 - INFO - User logged in successfully: Ashish23
2024-02-29 11:48:10,657 - INFO - User logged out successfully
2024-02-29 11:50:09,224 - INFO - User logged in successfully: ars
2024-02-29 11:50:15,428 - INFO - User logged out successfully
2024-02-29 11:53:14,018 - INFO - User logged in successfully: Ashish23
2024-02-29 11:53:33,448 - INFO - User logged out successfully
2024-02-29 12:00:42,693 - INFO - User logged in successfully: Ashish23
2024-02-29 12:02:09,705 - INFO - User logged out successfully
2024-02-29 12:04:41,206 - INFO - User logged in successfully: ars
2024-02-29 14:51:30,840 - INFO - User logged in successfully: Ashish23
2024-02-29 14:51:33,565 - INFO - User logged out successfully
2024-02-29 14:53:15,345 - INFO - User logged in successfully: Ashish23
2024-02-29 14:56:34,066 - INFO - User logged out successfully
2024-02-29 14:57:15,799 - INFO - User logged in successfully: Ashish23
2024-02-29 15:00:48,821 - INFO - User logged out successfully
2024-02-29 15:03:53,931 - INFO - User logged in successfully: Ashish23
2024-02-29 15:05:27,875 - INFO - User logged out successfully
2024-02-29 15:05:40,309 - INFO - User logged in successfully: ars
2024-02-29 15:06:55,587 - INFO - User logged out successfully
2024-03-01 10:17:16,290 - INFO - User logged in successfully: Ashish23
2024-03-01 10:19:44,916 - INFO - User logged out successfully
2024-03-01 10:22:18,830 - ERROR - Error during user login: 401 Unauthorized: The server could not verify that you are authorized to access the URL requested. You either supplied the wrong credentials (e.g. a bad password), or your browser doesn't understand how to supply the credentials required.
2024-03-01 10:22:21,364 - ERROR - Error during user login: 401 Unauthorized: The server could not verify that you are authorized to access the URL requested. You either supplied the wrong credentials (e.g. a bad password), or your browser doesn't understand how to supply the credentials required.
2024-03-01 10:22:29,350 - INFO - User logged in successfully: ars
2024-03-01 10:27:58,698 - INFO - User logged out successfully
2024-03-01 10:28:16,202 - INFO - User logged in successfully: Ashish23
2024-03-01 10:28:35,607 - INFO - User logged out successfully
2024-03-01 10:41:58,767 - INFO - User logged in successfully: Ashish23
2024-03-01 10:44:13,994 - INFO - User logged out successfully
2024-03-01 10:44:24,825 - INFO - User logged in successfully: Ashish23
2024-03-01 10:45:30,563 - INFO - User logged out successfully
2024-03-01 15:15:21,828 - INFO - User logged in successfully: Ashish23
2024-03-02 09:56:06,524 - INFO - User logged in successfully: Ashish23
2024-03-02 09:56:54,682 - INFO - User logged out successfully
2024-03-04 10:37:24,611 - INFO - User logged in successfully: Ashish23
2024-03-04 10:39:13,359 - INFO - User logged out successfully
2024-03-04 11:28:26,429 - INFO - User logged in successfully: ars
2024-03-04 16:47:05,356 - INFO - User logged in successfully: ars
2024-03-04 16:50:07,469 - INFO - User logged out successfully
2024-03-05 10:10:13,812 - INFO - User logged in successfully: ars
2024-03-05 10:11:38,674 - INFO - User logged out successfully
2024-03-05 12:30:26,248 - INFO - User logged in successfully: Ashish23
2024-03-05 12:30:34,331 - INFO - User logged out successfully
2024-03-06 10:24:28,050 - INFO - User logged in successfully: Ashish23
2024-03-06 10:29:59,162 - INFO - User logged out successfully
2024-03-06 10:30:08,613 - INFO - User logged in successfully: Ashish23
2024-03-06 10:35:21,175 - INFO - User logged out successfully
2024-03-06 10:38:46,465 - INFO - User logged in successfully: ars
2024-03-06 10:52:40,432 - INFO - User logged out successfully
2024-03-06 11:31:40,389 - INFO - User logged in successfully: Ashish23
2024-03-06 11:34:01,582 - INFO - User logged out successfully
2024-03-06 14:25:40,458 - INFO - User logged in successfully: Ashish23
2024-03-07 10:16:42,413 - INFO - User logged in successfully: ars
2024-03-07 15:52:03,658 - INFO - User logged in successfully: ars
2024-03-07 15:53:03,083 - INFO - User logged out successfully
2024-03-12 10:10:17,206 - INFO - User logged in successfully: ars
2024-03-12 10:11:37,200 - INFO - User logged out successfully
2024-03-12 14:45:04,103 - INFO - User logged in successfully: Ashish23
2024-03-12 14:46:19,793 - INFO - User logged out successfully
2024-03-12 14:53:04,039 - INFO - User logged in successfully: Ashish23
2024-03-12 14:53:05,700 - ERROR - Error during user logout: name 'user_data' is not defined
2024-03-12 15:09:25,685 - INFO - User logged in successfully: Ashish23
2024-03-12 15:13:45,749 - INFO - User logged out successfully
2024-03-13 15:00:54,742 - INFO - User logged in successfully: ars
2024-03-13 15:01:24,365 - INFO - User logged out successfully
